#
# A fatal error has been detected by the Java Runtime Environment:
#
#  EXCEPTION_ACCESS_VIOLATION (0xc0000005) at pc=0x00007ffe61b2bffa, pid=30236, tid=77740
#
# JRE version: Java(TM) SE Runtime Environment (17.0.1+12) (build 17.0.1+12-LTS-39)
# Java VM: Java HotSpot(TM) 64-Bit Server VM (17.0.1+12-LTS-39, mixed mode, sharing, tiered, compressed oops, compressed class ptrs, g1 gc, windows-amd64)
# Problematic frame:
# V  [jvm.dll+0x73bffa]
#
# No core dump will be written. Minidumps are not enabled by default on client versions of Windows
#
# If you would like to submit a bug report, please visit:
#   https://bugreport.java.com/bugreport/crash.jsp
#

---------------  S U M M A R Y ------------

Command Line: -XX:+ShowCodeDetailsInExceptionMessages -agentlib:jdwp=transport=dt_socket,suspend=y,address=localhost:60118 -ea -javaagent:C:\Users\migue\.eclipse\eclipse\configuration\org.eclipse.osgi\224\0\.cp\lib\javaagent-shaded.jar -Dfile.encoding=Cp1252 org.eclipse.jdt.internal.junit.runner.RemoteTestRunner -version 3 -port 60117 -testLoaderClass org.eclipse.jdt.internal.junit4.runner.JUnit4TestLoader -loaderpluginname org.eclipse.jdt.junit4.runtime -classNames test.PlacarWithMockTeste

Host: 11th Gen Intel(R) Core(TM) i5-11320H @ 3.20GHz, 8 cores, 7G,  Windows 10 , 64 bit Build 22000 (10.0.22000.434)
Time: Sun Feb  6 21:12:11 2022 Hora oficial do Brasil elapsed time: 497.412263 seconds (0d 0h 8m 17s)

---------------  T H R E A D  ---------------

Current thread (0x000002a4da4f4280):  JavaThread "JDWP Transport Listener: dt_socket" daemon [_thread_in_vm, id=77740, stack(0x000000d48df00000,0x000000d48e000000)]

Stack: [0x000000d48df00000,0x000000d48e000000],  sp=0x000000d48dfff330,  free space=1020k
Native frames: (J=compiled Java code, j=interpreted, Vv=VM code, C=native code)
V  [jvm.dll+0x73bffa]
V  [jvm.dll+0x50483c]
V  [jvm.dll+0x4d0154]
C  [jdwp.dll+0x22e9f]


siginfo: EXCEPTION_ACCESS_VIOLATION (0xc0000005), reading address 0x0000000000250028


Register to memory mapping:

RIP=0x00007ffe61b2bffa jvm.dll
RAX=0x0000000000000040 is an unknown value
RBX=0x000002a4d983387c points into unknown readable memory: 4f 62 6a 65
RCX=0x0000000000250024 is an unknown value
RDX=0x000002a4dafbd370 points into unknown readable memory: 0x6e6f502f6372734c | 4c 73 72 63 2f 50 6f 6e
RSP=0x000000d48dfff330 is pointing into the stack for thread: 0x000002a4da4f4280
RBP=0x000002a4da563d20 points into unknown readable memory: 0x0000001700000002 | 02 00 00 00 17 00 00 00
RSI=0x0 is NULL
RDI=0xffffffffffffffff is an unknown value
R8 =0x000000000000001c is an unknown value
R9 =0x0000000000000040 is an unknown value
R10=0x0 is NULL
R11=0x000000d48dfff350 is pointing into the stack for thread: 0x000002a4da4f4280
R12=0x000000d48dfff488 is pointing into the stack for thread: 0x000002a4da4f4280
R13=0x0 is NULL
R14=0x0000000800c1f8c0 is a pointer to class: 
src.Ponto {0x0000000800c1f8c8}
 - instance size:     3
 - klass size:        73
 - access:            public synchronized 
 - state:             fully_initialized
 - name:              'src/Ponto'
 - super:             'java/lang/Object'
 - sub:               
 - arrays:            NULL
 - methods:           Array<T>(0x000002a4da0c3f88)
 - method ordering:   Array<T>(0x000002a4da0c3ef8)
 - default_methods:   Array<T>(0x0000000000000000)
 - local interfaces:  Array<T>(0x000002a4da0c3f48)
 - trans. interfaces: Array<T>(0x000002a4da0c3f48)
 - constants:         constant pool [66] {0x000002a4da0c62c0} for 'src/Ponto' cache=0x000002a4da0c6510
 - class loader data:  loader data: 0x000002a4d97e06c0 for instance a 'jdk/internal/loader/ClassLoaders$AppClassLoader'{0x000000008bb653c8}
 - source file:       'Ponto.java'
 - source debug extension:       SMAP
Ponto.java
Java
*S jdt
*F
1 Ponto.java
2 file:/C:/Users/migue/OneDrive/Documentos/Documentos%20Educacao%20-%20Cursos/2022%20-%20Coursera%20-%20ITA%20-%20TDD%20-%20Desenvolvimento%20de%20Software%20Guiado%20por%20Testes/Minhas%20Tarefas/Week%204%20-%20Tarefa%20-%20Gamifica%c3%a7%c3%a3o/bin/
*L
*E

 - class annotations:       Array<T>(0x0000000000000000)
 - class type annotations:  Array<T>(0x0000000000000000)
 - field annotations:       Array<T>(0x0000000000000000)
 - field type annotations:  Array<T>(0x0000000000000000)
 - generic signature: '
[error occurred during error reporting (printing register info), id 0xc0000005, EXCEPTION_ACCESS_VIOLATION (0xc0000005) at pc=0x00007ffe61b2cc06]

Registers:
RAX=0x0000000000000040, RBX=0x000002a4d983387c, RCX=0x0000000000250024, RDX=0x000002a4dafbd370
RSP=0x000000d48dfff330, RBP=0x000002a4da563d20, RSI=0x0000000000000000, RDI=0xffffffffffffffff
R8 =0x000000000000001c, R9 =0x0000000000000040, R10=0x0000000000000000, R11=0x000000d48dfff350
R12=0x000000d48dfff488, R13=0x0000000000000000, R14=0x0000000800c1f8c0, R15=0x000000d48dfff4d8
RIP=0x00007ffe61b2bffa, EFLAGS=0x0000000000010206

Top of Stack: (sp=0x000000d48dfff330)
0x000000d48dfff330:   0000000000000009 0000000800c1f8c0
0x000000d48dfff340:   000002a4da4f4280 0000000000000000
0x000000d48dfff350:   ffffffffffffffff 00007ffe618f483c
0x000000d48dfff360:   000002a4d983387c 000002a4d9833870
0x000000d48dfff370:   000002a4da563d20 000002a4dacbb290
0x000000d48dfff380:   000002a4d9833850 00000000000003d8
0x000000d48dfff390:   000002a4d9833860 000002a4d9833c38
0x000000d48dfff3a0:   0000000000000002 000000d48dfff488
0x000000d48dfff3b0:   0000000000000000 0000000000000000
0x000000d48dfff3c0:   000000008ae2bdc8 00007ffe618c0154
0x000000d48dfff3d0:   000002a4da4f4280 000000d48dfff4d8
0x000000d48dfff3e0:   000002a4b995de90 000000d48dfff4d8
0x000000d48dfff3f0:   000002a4da4f4280 0000000000000000
0x000000d48dfff400:   000002a400000000 0000000000000000
0x000000d48dfff410:   000000000000000d 00007ffea8632e9f
0x000000d48dfff420:   000000d48dfff4d0 00007ffea8641830 

Instructions: (pc=0x00007ffe61b2bffa)
0x00007ffe61b2befa:   48 83 c4 20 5f e9 cc 86 96 ff cc cc cc cc cc cc
0x00007ffe61b2bf0a:   cc cc cc cc cc cc 48 89 5c 24 08 57 48 83 ec 20
0x00007ffe61b2bf1a:   83 fa 02 8d 42 06 b9 08 00 00 00 49 8b d8 0f 4e
0x00007ffe61b2bf2a:   c1 48 63 c8 48 83 c1 07 83 e1 f8 48 63 f9 49 8b
0x00007ffe61b2bf3a:   48 18 48 8b c7 48 f7 d0 48 3b c1 73 16 4c 8d 05
0x00007ffe61b2bf4a:   7a 47 17 00 48 8b d7 48 8b cb e8 d7 e9 96 ff 48
0x00007ffe61b2bf5a:   8b 4b 18 48 8d 04 39 48 3b 43 20 76 18 45 33 c0
0x00007ffe61b2bf6a:   48 8b d7 48 8b cb 48 8b 5c 24 30 48 83 c4 20 5f
0x00007ffe61b2bf7a:   e9 31 e6 96 ff 48 89 43 18 48 8b c1 48 8b 5c 24
0x00007ffe61b2bf8a:   30 48 83 c4 20 5f c3 cc cc cc cc cc cc cc cc cc
0x00007ffe61b2bf9a:   cc cc cc cc cc cc 4c 8b d2 4c 8b d9 45 85 c0 7e
0x00007ffe61b2bfaa:   3c 44 0f b7 49 04 41 8d 40 ff 41 3b c1 44 0f 4c
0x00007ffe61b2bfba:   c8 4d 63 c1 45 85 c9 7e 1f 48 8b c2 4c 2b da 49
0x00007ffe61b2bfca:   8b d0 0f 1f 40 00 41 0f b6 4c 03 06 88 08 48 8d
0x00007ffe61b2bfda:   40 01 48 83 ea 01 75 ee 43 c6 04 10 00 49 8b c2
0x00007ffe61b2bfea:   c3 cc cc cc cc cc 48 89 5c 24 08 57 48 83 ec 20
0x00007ffe61b2bffa:   0f b7 59 04 48 8b f9 33 d2 48 8d 4b 01 e8 14 9b
0x00007ffe61b2c00a:   f8 ff 0f b7 57 04 4c 8b c0 3b da 0f 42 d3 44 8b
0x00007ffe61b2c01a:   ca 85 d2 74 39 48 2b f8 0f 1f 40 00 66 66 0f 1f
0x00007ffe61b2c02a:   84 00 00 00 00 00 0f b6 4c 07 06 88 08 48 ff c0
0x00007ffe61b2c03a:   48 8b c8 49 2b c8 49 3b c9 7c eb 42 c6 04 02 00
0x00007ffe61b2c04a:   49 8b c0 48 8b 5c 24 30 48 83 c4 20 5f c3 48 8b
0x00007ffe61b2c05a:   5c 24 30 c6 04 02 00 48 83 c4 20 5f c3 cc cc cc
0x00007ffe61b2c06a:   cc cc cc cc cc cc 4c 8b d1 45 85 c0 7e 6c 44 0f
0x00007ffe61b2c07a:   b7 49 04 41 8d 40 ff 41 3b c1 44 0f 4c c8 4d 63
0x00007ffe61b2c08a:   d9 45 85 c9 7e 22 48 8b ca 4c 2b d2 4d 8b c3 0f
0x00007ffe61b2c09a:   1f 80 00 00 00 00 41 0f b6 44 0a 06 88 01 48 8d
0x00007ffe61b2c0aa:   49 01 49 83 e8 01 75 ee 41 c6 04 13 00 48 c7 c0
0x00007ffe61b2c0ba:   ff ff ff ff 66 90 48 ff c0 80 3c 02 00 75 f7 48
0x00007ffe61b2c0ca:   63 c8 85 c0 48 8b c2 7e 14 80 38 2f 75 03 c6 00
0x00007ffe61b2c0da:   2e 48 ff c0 48 83 e9 01 75 ef 48 8b c2 c3 cc cc
0x00007ffe61b2c0ea:   cc cc cc cc cc cc 48 83 ec 28 e8 f7 fe ff ff 4c 


Stack slot to memory mapping:
stack at sp + 0 slots: 0x0000000000000009 is an unknown value
stack at sp + 1 slots: 0x0000000800c1f8c0 is a pointer to class: 
src.Ponto {0x0000000800c1f8c8}
 - instance size:     3
 - klass size:        73
 - access:            public synchronized 
 - state:             fully_initialized
 - name:              'src/Ponto'
 - super:             'java/lang/Object'
 - sub:               
 - arrays:            NULL
 - methods:           Array<T>(0x000002a4da0c3f88)
 - method ordering:   Array<T>(0x000002a4da0c3ef8)
 - default_methods:   Array<T>(0x0000000000000000)
 - local interfaces:  Array<T>(0x000002a4da0c3f48)
 - trans. interfaces: Array<T>(0x000002a4da0c3f48)
 - constants:         constant pool [66] {0x000002a4da0c62c0} for 'src/Ponto' cache=0x000002a4da0c6510
 - class loader data:  loader data: 0x000002a4d97e06c0 for instance a 'jdk/internal/loader/ClassLoaders$AppClassLoader'{0x000000008bb653c8}
 - source file:       'Ponto.java'
 - source debug extension:       SMAP
Ponto.java
Java
*S jdt
*F
1 Ponto.java
2 file:/C:/Users/migue/OneDrive/Documentos/Documentos%20Educacao%20-%20Cursos/2022%20-%20Coursera%20-%20ITA%20-%20TDD%20-%20Desenvolvimento%20de%20Software%20Guiado%20por%20Testes/Minhas%20Tarefas/Week%204%20-%20Tarefa%20-%20Gamifica%c3%a7%c3%a3o/bin/
*L
*E

 - class annotations:       Array<T>(0x0000000000000000)
 - class type annotations:  Array<T>(0x0000000000000000)
 - field annotations:       Array<T>(0x0000000000000000)
 - field type annotations:  Array<T>(0x0000000000000000)
 - generic signature: '
[error occurred during error reporting (inspecting top of stack), id 0xc0000005, EXCEPTION_ACCESS_VIOLATION (0xc0000005) at pc=0x00007ffe61b2cc06]


---------------  P R O C E S S  ---------------

Threads class SMR info:
_java_thread_list=0x000002a4dacbc010, length=16, elements={
0x000002a4b996f600, 0x000002a4d97ca7b0, 0x000002a4d97cb160, 0x000002a4d97e22f0,
0x000002a4d97e2ca0, 0x000002a4d97e6670, 0x000002a4d97e8030, 0x000002a4d97f62f0,
0x000002a4d97f7900, 0x000002a4d97ffef0, 0x000002a4d97b8410, 0x000002a4da4f4280,
0x000002a4da550e70, 0x000002a4da5554e0, 0x000002a4da6a9690, 0x000002a4dac58260
}

Java Threads: ( => current thread )
  0x000002a4b996f600 JavaThread "main" [_thread_blocked, id=75784, stack(0x000000d48ce00000,0x000000d48cf00000)]
  0x000002a4d97ca7b0 JavaThread "Reference Handler" daemon [_thread_blocked, id=74640, stack(0x000000d48d500000,0x000000d48d600000)]
  0x000002a4d97cb160 JavaThread "Finalizer" daemon [_thread_blocked, id=77080, stack(0x000000d48d600000,0x000000d48d700000)]
  0x000002a4d97e22f0 JavaThread "Signal Dispatcher" daemon [_thread_blocked, id=77612, stack(0x000000d48d700000,0x000000d48d800000)]
  0x000002a4d97e2ca0 JavaThread "Attach Listener" daemon [_thread_blocked, id=72148, stack(0x000000d48d800000,0x000000d48d900000)]
  0x000002a4d97e6670 JavaThread "Service Thread" daemon [_thread_blocked, id=76756, stack(0x000000d48d900000,0x000000d48da00000)]
  0x000002a4d97e8030 JavaThread "Monitor Deflation Thread" daemon [_thread_blocked, id=76464, stack(0x000000d48da00000,0x000000d48db00000)]
  0x000002a4d97f62f0 JavaThread "C2 CompilerThread0" daemon [_thread_blocked, id=76520, stack(0x000000d48db00000,0x000000d48dc00000)]
  0x000002a4d97f7900 JavaThread "C1 CompilerThread0" daemon [_thread_blocked, id=77340, stack(0x000000d48dc00000,0x000000d48dd00000)]
  0x000002a4d97ffef0 JavaThread "Sweeper thread" daemon [_thread_blocked, id=58348, stack(0x000000d48dd00000,0x000000d48de00000)]
  0x000002a4d97b8410 JavaThread "Common-Cleaner" daemon [_thread_blocked, id=44692, stack(0x000000d48de00000,0x000000d48df00000)]
=>0x000002a4da4f4280 JavaThread "JDWP Transport Listener: dt_socket" daemon [_thread_in_vm, id=77740, stack(0x000000d48df00000,0x000000d48e000000)]
  0x000002a4da550e70 JavaThread "JDWP Event Helper Thread" daemon [_thread_blocked, id=43080, stack(0x000000d48e000000,0x000000d48e100000)]
  0x000002a4da5554e0 JavaThread "JDWP Command Reader" daemon [_thread_in_native, id=62240, stack(0x000000d48e100000,0x000000d48e200000)]
  0x000002a4da6a9690 JavaThread "Notification Thread" daemon [_thread_blocked, id=77668, stack(0x000000d48e200000,0x000000d48e300000)]
  0x000002a4dac58260 JavaThread "ReaderThread" [_thread_in_native, id=11428, stack(0x000000d48e500000,0x000000d48e600000)]

Other Threads:
  0x000002a4d97c79f0 VMThread "VM Thread" [stack: 0x000000d48d400000,0x000000d48d500000] [id=54976]
  0x000002a4b99cca50 WatcherThread [stack: 0x000000d48e300000,0x000000d48e400000] [id=46520]
  0x000002a4b99ae340 GCTaskThread "GC Thread#0" [stack: 0x000000d48cf00000,0x000000d48d000000] [id=75960]
  0x000002a4b99bea80 ConcurrentGCThread "G1 Main Marker" [stack: 0x000000d48d000000,0x000000d48d100000] [id=77664]
  0x000002a4b99bfc30 ConcurrentGCThread "G1 Conc#0" [stack: 0x000000d48d100000,0x000000d48d200000] [id=75480]
  0x000002a4b9a3c590 ConcurrentGCThread "G1 Refine#0" [stack: 0x000000d48d200000,0x000000d48d300000] [id=72676]
  0x000002a4b9a3eec0 ConcurrentGCThread "G1 Service" [stack: 0x000000d48d300000,0x000000d48d400000] [id=66660]

Threads with active compile tasks:

VM state: not at safepoint (normal execution)

VM Mutex/Monitor currently owned by a thread: None

Heap address: 0x0000000084000000, size: 1984 MB, Compressed Oops mode: 32-bit

CDS archive(s) mapped at: [0x0000000800000000-0x0000000800bc0000-0x0000000800bc0000), size 12320768, SharedBaseAddress: 0x0000000800000000, ArchiveRelocationMode: 0.
Compressed class space mapped at: 0x0000000800c00000-0x0000000840c00000, reserved size: 1073741824
Narrow klass base: 0x0000000800000000, Narrow klass shift: 0, Narrow klass range: 0x100000000

GC Precious Log:
 CPUs: 8 total, 8 available
 Memory: 7930M
 Large Page Support: Disabled
 NUMA Support: Disabled
 Compressed Oops: Enabled (32-bit)
 Heap Region Size: 1M
 Heap Min Capacity: 8M
 Heap Initial Capacity: 124M
 Heap Max Capacity: 1984M
 Pre-touch: Disabled
 Parallel Workers: 8
 Concurrent Workers: 2
 Concurrent Refinement Workers: 8
 Periodic GC: Disabled

Heap:
 garbage-first heap   total 126976K, used 13312K [0x0000000084000000, 0x0000000100000000)
  region size 1024K, 14 young (14336K), 0 survivors (0K)
 Metaspace       used 4405K, committed 4480K, reserved 1056768K
  class space    used 428K, committed 448K, reserved 1048576K

Heap Regions: E=young(eden), S=young(survivor), O=old, HS=humongous(starts), HC=humongous(continues), CS=collection set, F=free, OA=open archive, CA=closed archive, TAMS=top-at-mark-start (previous, next)
|   0|0x0000000084000000, 0x0000000084000000, 0x0000000084100000|  0%| F|  |TAMS 0x0000000084000000, 0x0000000084000000| Untracked 
|   1|0x0000000084100000, 0x0000000084100000, 0x0000000084200000|  0%| F|  |TAMS 0x0000000084100000, 0x0000000084100000| Untracked 
|   2|0x0000000084200000, 0x0000000084200000, 0x0000000084300000|  0%| F|  |TAMS 0x0000000084200000, 0x0000000084200000| Untracked 
|   3|0x0000000084300000, 0x0000000084300000, 0x0000000084400000|  0%| F|  |TAMS 0x0000000084300000, 0x0000000084300000| Untracked 
|   4|0x0000000084400000, 0x0000000084400000, 0x0000000084500000|  0%| F|  |TAMS 0x0000000084400000, 0x0000000084400000| Untracked 
|   5|0x0000000084500000, 0x0000000084500000, 0x0000000084600000|  0%| F|  |TAMS 0x0000000084500000, 0x0000000084500000| Untracked 
|   6|0x0000000084600000, 0x0000000084600000, 0x0000000084700000|  0%| F|  |TAMS 0x0000000084600000, 0x0000000084600000| Untracked 
|   7|0x0000000084700000, 0x0000000084700000, 0x0000000084800000|  0%| F|  |TAMS 0x0000000084700000, 0x0000000084700000| Untracked 
|   8|0x0000000084800000, 0x0000000084800000, 0x0000000084900000|  0%| F|  |TAMS 0x0000000084800000, 0x0000000084800000| Untracked 
|   9|0x0000000084900000, 0x0000000084900000, 0x0000000084a00000|  0%| F|  |TAMS 0x0000000084900000, 0x0000000084900000| Untracked 
|  10|0x0000000084a00000, 0x0000000084a00000, 0x0000000084b00000|  0%| F|  |TAMS 0x0000000084a00000, 0x0000000084a00000| Untracked 
|  11|0x0000000084b00000, 0x0000000084b00000, 0x0000000084c00000|  0%| F|  |TAMS 0x0000000084b00000, 0x0000000084b00000| Untracked 
|  12|0x0000000084c00000, 0x0000000084c00000, 0x0000000084d00000|  0%| F|  |TAMS 0x0000000084c00000, 0x0000000084c00000| Untracked 
|  13|0x0000000084d00000, 0x0000000084d00000, 0x0000000084e00000|  0%| F|  |TAMS 0x0000000084d00000, 0x0000000084d00000| Untracked 
|  14|0x0000000084e00000, 0x0000000084e00000, 0x0000000084f00000|  0%| F|  |TAMS 0x0000000084e00000, 0x0000000084e00000| Untracked 
|  15|0x0000000084f00000, 0x0000000084f00000, 0x0000000085000000|  0%| F|  |TAMS 0x0000000084f00000, 0x0000000084f00000| Untracked 
|  16|0x0000000085000000, 0x0000000085000000, 0x0000000085100000|  0%| F|  |TAMS 0x0000000085000000, 0x0000000085000000| Untracked 
|  17|0x0000000085100000, 0x0000000085100000, 0x0000000085200000|  0%| F|  |TAMS 0x0000000085100000, 0x0000000085100000| Untracked 
|  18|0x0000000085200000, 0x0000000085200000, 0x0000000085300000|  0%| F|  |TAMS 0x0000000085200000, 0x0000000085200000| Untracked 
|  19|0x0000000085300000, 0x0000000085300000, 0x0000000085400000|  0%| F|  |TAMS 0x0000000085300000, 0x0000000085300000| Untracked 
|  20|0x0000000085400000, 0x0000000085400000, 0x0000000085500000|  0%| F|  |TAMS 0x0000000085400000, 0x0000000085400000| Untracked 
|  21|0x0000000085500000, 0x0000000085500000, 0x0000000085600000|  0%| F|  |TAMS 0x0000000085500000, 0x0000000085500000| Untracked 
|  22|0x0000000085600000, 0x0000000085600000, 0x0000000085700000|  0%| F|  |TAMS 0x0000000085600000, 0x0000000085600000| Untracked 
|  23|0x0000000085700000, 0x0000000085700000, 0x0000000085800000|  0%| F|  |TAMS 0x0000000085700000, 0x0000000085700000| Untracked 
|  24|0x0000000085800000, 0x0000000085800000, 0x0000000085900000|  0%| F|  |TAMS 0x0000000085800000, 0x0000000085800000| Untracked 
|  25|0x0000000085900000, 0x0000000085900000, 0x0000000085a00000|  0%| F|  |TAMS 0x0000000085900000, 0x0000000085900000| Untracked 
|  26|0x0000000085a00000, 0x0000000085a00000, 0x0000000085b00000|  0%| F|  |TAMS 0x0000000085a00000, 0x0000000085a00000| Untracked 
|  27|0x0000000085b00000, 0x0000000085b00000, 0x0000000085c00000|  0%| F|  |TAMS 0x0000000085b00000, 0x0000000085b00000| Untracked 
|  28|0x0000000085c00000, 0x0000000085c00000, 0x0000000085d00000|  0%| F|  |TAMS 0x0000000085c00000, 0x0000000085c00000| Untracked 
|  29|0x0000000085d00000, 0x0000000085d00000, 0x0000000085e00000|  0%| F|  |TAMS 0x0000000085d00000, 0x0000000085d00000| Untracked 
|  30|0x0000000085e00000, 0x0000000085e00000, 0x0000000085f00000|  0%| F|  |TAMS 0x0000000085e00000, 0x0000000085e00000| Untracked 
|  31|0x0000000085f00000, 0x0000000085f00000, 0x0000000086000000|  0%| F|  |TAMS 0x0000000085f00000, 0x0000000085f00000| Untracked 
|  32|0x0000000086000000, 0x0000000086000000, 0x0000000086100000|  0%| F|  |TAMS 0x0000000086000000, 0x0000000086000000| Untracked 
|  33|0x0000000086100000, 0x0000000086100000, 0x0000000086200000|  0%| F|  |TAMS 0x0000000086100000, 0x0000000086100000| Untracked 
|  34|0x0000000086200000, 0x0000000086200000, 0x0000000086300000|  0%| F|  |TAMS 0x0000000086200000, 0x0000000086200000| Untracked 
|  35|0x0000000086300000, 0x0000000086300000, 0x0000000086400000|  0%| F|  |TAMS 0x0000000086300000, 0x0000000086300000| Untracked 
|  36|0x0000000086400000, 0x0000000086400000, 0x0000000086500000|  0%| F|  |TAMS 0x0000000086400000, 0x0000000086400000| Untracked 
|  37|0x0000000086500000, 0x0000000086500000, 0x0000000086600000|  0%| F|  |TAMS 0x0000000086500000, 0x0000000086500000| Untracked 
|  38|0x0000000086600000, 0x0000000086600000, 0x0000000086700000|  0%| F|  |TAMS 0x0000000086600000, 0x0000000086600000| Untracked 
|  39|0x0000000086700000, 0x0000000086700000, 0x0000000086800000|  0%| F|  |TAMS 0x0000000086700000, 0x0000000086700000| Untracked 
|  40|0x0000000086800000, 0x0000000086800000, 0x0000000086900000|  0%| F|  |TAMS 0x0000000086800000, 0x0000000086800000| Untracked 
|  41|0x0000000086900000, 0x0000000086900000, 0x0000000086a00000|  0%| F|  |TAMS 0x0000000086900000, 0x0000000086900000| Untracked 
|  42|0x0000000086a00000, 0x0000000086a00000, 0x0000000086b00000|  0%| F|  |TAMS 0x0000000086a00000, 0x0000000086a00000| Untracked 
|  43|0x0000000086b00000, 0x0000000086b00000, 0x0000000086c00000|  0%| F|  |TAMS 0x0000000086b00000, 0x0000000086b00000| Untracked 
|  44|0x0000000086c00000, 0x0000000086c00000, 0x0000000086d00000|  0%| F|  |TAMS 0x0000000086c00000, 0x0000000086c00000| Untracked 
|  45|0x0000000086d00000, 0x0000000086d00000, 0x0000000086e00000|  0%| F|  |TAMS 0x0000000086d00000, 0x0000000086d00000| Untracked 
|  46|0x0000000086e00000, 0x0000000086e00000, 0x0000000086f00000|  0%| F|  |TAMS 0x0000000086e00000, 0x0000000086e00000| Untracked 
|  47|0x0000000086f00000, 0x0000000086f00000, 0x0000000087000000|  0%| F|  |TAMS 0x0000000086f00000, 0x0000000086f00000| Untracked 
|  48|0x0000000087000000, 0x0000000087000000, 0x0000000087100000|  0%| F|  |TAMS 0x0000000087000000, 0x0000000087000000| Untracked 
|  49|0x0000000087100000, 0x0000000087100000, 0x0000000087200000|  0%| F|  |TAMS 0x0000000087100000, 0x0000000087100000| Untracked 
|  50|0x0000000087200000, 0x0000000087200000, 0x0000000087300000|  0%| F|  |TAMS 0x0000000087200000, 0x0000000087200000| Untracked 
|  51|0x0000000087300000, 0x0000000087300000, 0x0000000087400000|  0%| F|  |TAMS 0x0000000087300000, 0x0000000087300000| Untracked 
|  52|0x0000000087400000, 0x0000000087400000, 0x0000000087500000|  0%| F|  |TAMS 0x0000000087400000, 0x0000000087400000| Untracked 
|  53|0x0000000087500000, 0x0000000087500000, 0x0000000087600000|  0%| F|  |TAMS 0x0000000087500000, 0x0000000087500000| Untracked 
|  54|0x0000000087600000, 0x0000000087600000, 0x0000000087700000|  0%| F|  |TAMS 0x0000000087600000, 0x0000000087600000| Untracked 
|  55|0x0000000087700000, 0x0000000087700000, 0x0000000087800000|  0%| F|  |TAMS 0x0000000087700000, 0x0000000087700000| Untracked 
|  56|0x0000000087800000, 0x0000000087800000, 0x0000000087900000|  0%| F|  |TAMS 0x0000000087800000, 0x0000000087800000| Untracked 
|  57|0x0000000087900000, 0x0000000087900000, 0x0000000087a00000|  0%| F|  |TAMS 0x0000000087900000, 0x0000000087900000| Untracked 
|  58|0x0000000087a00000, 0x0000000087a00000, 0x0000000087b00000|  0%| F|  |TAMS 0x0000000087a00000, 0x0000000087a00000| Untracked 
|  59|0x0000000087b00000, 0x0000000087b00000, 0x0000000087c00000|  0%| F|  |TAMS 0x0000000087b00000, 0x0000000087b00000| Untracked 
|  60|0x0000000087c00000, 0x0000000087c00000, 0x0000000087d00000|  0%| F|  |TAMS 0x0000000087c00000, 0x0000000087c00000| Untracked 
|  61|0x0000000087d00000, 0x0000000087d00000, 0x0000000087e00000|  0%| F|  |TAMS 0x0000000087d00000, 0x0000000087d00000| Untracked 
|  62|0x0000000087e00000, 0x0000000087e00000, 0x0000000087f00000|  0%| F|  |TAMS 0x0000000087e00000, 0x0000000087e00000| Untracked 
|  63|0x0000000087f00000, 0x0000000087f00000, 0x0000000088000000|  0%| F|  |TAMS 0x0000000087f00000, 0x0000000087f00000| Untracked 
|  64|0x0000000088000000, 0x0000000088000000, 0x0000000088100000|  0%| F|  |TAMS 0x0000000088000000, 0x0000000088000000| Untracked 
|  65|0x0000000088100000, 0x0000000088100000, 0x0000000088200000|  0%| F|  |TAMS 0x0000000088100000, 0x0000000088100000| Untracked 
|  66|0x0000000088200000, 0x0000000088200000, 0x0000000088300000|  0%| F|  |TAMS 0x0000000088200000, 0x0000000088200000| Untracked 
|  67|0x0000000088300000, 0x0000000088300000, 0x0000000088400000|  0%| F|  |TAMS 0x0000000088300000, 0x0000000088300000| Untracked 
|  68|0x0000000088400000, 0x0000000088400000, 0x0000000088500000|  0%| F|  |TAMS 0x0000000088400000, 0x0000000088400000| Untracked 
|  69|0x0000000088500000, 0x0000000088500000, 0x0000000088600000|  0%| F|  |TAMS 0x0000000088500000, 0x0000000088500000| Untracked 
|  70|0x0000000088600000, 0x0000000088600000, 0x0000000088700000|  0%| F|  |TAMS 0x0000000088600000, 0x0000000088600000| Untracked 
|  71|0x0000000088700000, 0x0000000088700000, 0x0000000088800000|  0%| F|  |TAMS 0x0000000088700000, 0x0000000088700000| Untracked 
|  72|0x0000000088800000, 0x0000000088800000, 0x0000000088900000|  0%| F|  |TAMS 0x0000000088800000, 0x0000000088800000| Untracked 
|  73|0x0000000088900000, 0x0000000088900000, 0x0000000088a00000|  0%| F|  |TAMS 0x0000000088900000, 0x0000000088900000| Untracked 
|  74|0x0000000088a00000, 0x0000000088a00000, 0x0000000088b00000|  0%| F|  |TAMS 0x0000000088a00000, 0x0000000088a00000| Untracked 
|  75|0x0000000088b00000, 0x0000000088b00000, 0x0000000088c00000|  0%| F|  |TAMS 0x0000000088b00000, 0x0000000088b00000| Untracked 
|  76|0x0000000088c00000, 0x0000000088c00000, 0x0000000088d00000|  0%| F|  |TAMS 0x0000000088c00000, 0x0000000088c00000| Untracked 
|  77|0x0000000088d00000, 0x0000000088d00000, 0x0000000088e00000|  0%| F|  |TAMS 0x0000000088d00000, 0x0000000088d00000| Untracked 
|  78|0x0000000088e00000, 0x0000000088e00000, 0x0000000088f00000|  0%| F|  |TAMS 0x0000000088e00000, 0x0000000088e00000| Untracked 
|  79|0x0000000088f00000, 0x0000000088f00000, 0x0000000089000000|  0%| F|  |TAMS 0x0000000088f00000, 0x0000000088f00000| Untracked 
|  80|0x0000000089000000, 0x0000000089000000, 0x0000000089100000|  0%| F|  |TAMS 0x0000000089000000, 0x0000000089000000| Untracked 
|  81|0x0000000089100000, 0x0000000089100000, 0x0000000089200000|  0%| F|  |TAMS 0x0000000089100000, 0x0000000089100000| Untracked 
|  82|0x0000000089200000, 0x0000000089200000, 0x0000000089300000|  0%| F|  |TAMS 0x0000000089200000, 0x0000000089200000| Untracked 
|  83|0x0000000089300000, 0x0000000089300000, 0x0000000089400000|  0%| F|  |TAMS 0x0000000089300000, 0x0000000089300000| Untracked 
|  84|0x0000000089400000, 0x0000000089400000, 0x0000000089500000|  0%| F|  |TAMS 0x0000000089400000, 0x0000000089400000| Untracked 
|  85|0x0000000089500000, 0x0000000089500000, 0x0000000089600000|  0%| F|  |TAMS 0x0000000089500000, 0x0000000089500000| Untracked 
|  86|0x0000000089600000, 0x0000000089600000, 0x0000000089700000|  0%| F|  |TAMS 0x0000000089600000, 0x0000000089600000| Untracked 
|  87|0x0000000089700000, 0x0000000089700000, 0x0000000089800000|  0%| F|  |TAMS 0x0000000089700000, 0x0000000089700000| Untracked 
|  88|0x0000000089800000, 0x0000000089800000, 0x0000000089900000|  0%| F|  |TAMS 0x0000000089800000, 0x0000000089800000| Untracked 
|  89|0x0000000089900000, 0x0000000089900000, 0x0000000089a00000|  0%| F|  |TAMS 0x0000000089900000, 0x0000000089900000| Untracked 
|  90|0x0000000089a00000, 0x0000000089a00000, 0x0000000089b00000|  0%| F|  |TAMS 0x0000000089a00000, 0x0000000089a00000| Untracked 
|  91|0x0000000089b00000, 0x0000000089b00000, 0x0000000089c00000|  0%| F|  |TAMS 0x0000000089b00000, 0x0000000089b00000| Untracked 
|  92|0x0000000089c00000, 0x0000000089c00000, 0x0000000089d00000|  0%| F|  |TAMS 0x0000000089c00000, 0x0000000089c00000| Untracked 
|  93|0x0000000089d00000, 0x0000000089d00000, 0x0000000089e00000|  0%| F|  |TAMS 0x0000000089d00000, 0x0000000089d00000| Untracked 
|  94|0x0000000089e00000, 0x0000000089e00000, 0x0000000089f00000|  0%| F|  |TAMS 0x0000000089e00000, 0x0000000089e00000| Untracked 
|  95|0x0000000089f00000, 0x0000000089f00000, 0x000000008a000000|  0%| F|  |TAMS 0x0000000089f00000, 0x0000000089f00000| Untracked 
|  96|0x000000008a000000, 0x000000008a000000, 0x000000008a100000|  0%| F|  |TAMS 0x000000008a000000, 0x000000008a000000| Untracked 
|  97|0x000000008a100000, 0x000000008a100000, 0x000000008a200000|  0%| F|  |TAMS 0x000000008a100000, 0x000000008a100000| Untracked 
|  98|0x000000008a200000, 0x000000008a200000, 0x000000008a300000|  0%| F|  |TAMS 0x000000008a200000, 0x000000008a200000| Untracked 
|  99|0x000000008a300000, 0x000000008a300000, 0x000000008a400000|  0%| F|  |TAMS 0x000000008a300000, 0x000000008a300000| Untracked 
| 100|0x000000008a400000, 0x000000008a400000, 0x000000008a500000|  0%| F|  |TAMS 0x000000008a400000, 0x000000008a400000| Untracked 
| 101|0x000000008a500000, 0x000000008a500000, 0x000000008a600000|  0%| F|  |TAMS 0x000000008a500000, 0x000000008a500000| Untracked 
| 102|0x000000008a600000, 0x000000008a600000, 0x000000008a700000|  0%| F|  |TAMS 0x000000008a600000, 0x000000008a600000| Untracked 
| 103|0x000000008a700000, 0x000000008a700000, 0x000000008a800000|  0%| F|  |TAMS 0x000000008a700000, 0x000000008a700000| Untracked 
| 104|0x000000008a800000, 0x000000008a800000, 0x000000008a900000|  0%| F|  |TAMS 0x000000008a800000, 0x000000008a800000| Untracked 
| 105|0x000000008a900000, 0x000000008a900000, 0x000000008aa00000|  0%| F|  |TAMS 0x000000008a900000, 0x000000008a900000| Untracked 
| 106|0x000000008aa00000, 0x000000008aa00000, 0x000000008ab00000|  0%| F|  |TAMS 0x000000008aa00000, 0x000000008aa00000| Untracked 
| 107|0x000000008ab00000, 0x000000008ab00000, 0x000000008ac00000|  0%| F|  |TAMS 0x000000008ab00000, 0x000000008ab00000| Untracked 
| 108|0x000000008ac00000, 0x000000008ac00000, 0x000000008ad00000|  0%| F|  |TAMS 0x000000008ac00000, 0x000000008ac00000| Untracked 
| 109|0x000000008ad00000, 0x000000008ad00000, 0x000000008ae00000|  0%| F|  |TAMS 0x000000008ad00000, 0x000000008ad00000| Untracked 
| 110|0x000000008ae00000, 0x000000008ae764e0, 0x000000008af00000| 46%| E|  |TAMS 0x000000008ae00000, 0x000000008ae00000| Complete 
| 111|0x000000008af00000, 0x000000008b000000, 0x000000008b000000|100%| E|CS|TAMS 0x000000008af00000, 0x000000008af00000| Complete 
| 112|0x000000008b000000, 0x000000008b100000, 0x000000008b100000|100%| E|CS|TAMS 0x000000008b000000, 0x000000008b000000| Complete 
| 113|0x000000008b100000, 0x000000008b200000, 0x000000008b200000|100%| E|CS|TAMS 0x000000008b100000, 0x000000008b100000| Complete 
| 114|0x000000008b200000, 0x000000008b300000, 0x000000008b300000|100%| E|CS|TAMS 0x000000008b200000, 0x000000008b200000| Complete 
| 115|0x000000008b300000, 0x000000008b400000, 0x000000008b400000|100%| E|CS|TAMS 0x000000008b300000, 0x000000008b300000| Complete 
| 116|0x000000008b400000, 0x000000008b500000, 0x000000008b500000|100%| E|CS|TAMS 0x000000008b400000, 0x000000008b400000| Complete 
| 117|0x000000008b500000, 0x000000008b600000, 0x000000008b600000|100%| E|CS|TAMS 0x000000008b500000, 0x000000008b500000| Complete 
| 118|0x000000008b600000, 0x000000008b700000, 0x000000008b700000|100%| E|CS|TAMS 0x000000008b600000, 0x000000008b600000| Complete 
| 119|0x000000008b700000, 0x000000008b800000, 0x000000008b800000|100%| E|CS|TAMS 0x000000008b700000, 0x000000008b700000| Complete 
| 120|0x000000008b800000, 0x000000008b900000, 0x000000008b900000|100%| E|CS|TAMS 0x000000008b800000, 0x000000008b800000| Complete 
| 121|0x000000008b900000, 0x000000008ba00000, 0x000000008ba00000|100%| E|CS|TAMS 0x000000008b900000, 0x000000008b900000| Complete 
| 122|0x000000008ba00000, 0x000000008bb00000, 0x000000008bb00000|100%| E|CS|TAMS 0x000000008ba00000, 0x000000008ba00000| Complete 
| 123|0x000000008bb00000, 0x000000008bc00000, 0x000000008bc00000|100%| E|CS|TAMS 0x000000008bb00000, 0x000000008bb00000| Complete 

Card table byte_map: [0x000002a4d27b0000,0x000002a4d2b90000] _byte_map_base: 0x000002a4d2390000

Marking Bits (Prev, Next): (CMBitMap*) 0x000002a4b99ae950, (CMBitMap*) 0x000002a4b99ae990
 Prev Bits: [0x000002a4d2f70000, 0x000002a4d4e70000)
 Next Bits: [0x000002a4d4e70000, 0x000002a4d6d70000)

Polling page: 0x000002a4b9a50000

Metaspace:

Usage:
  Non-class:      3.88 MB used.
      Class:    428.95 KB used.
       Both:      4.30 MB used.

Virtual space:
  Non-class space:        8.00 MB reserved,       3.94 MB ( 49%) committed,  1 nodes.
      Class space:        1.00 GB reserved,     448.00 KB ( <1%) committed,  1 nodes.
             Both:        1.01 GB reserved,       4.38 MB ( <1%) committed. 

Chunk freelists:
   Non-Class:  3.22 MB
       Class:  3.51 MB
        Both:  6.73 MB

MaxMetaspaceSize: unlimited
CompressedClassSpaceSize: 1.00 GB
Initial GC threshold: 21.00 MB
Current GC threshold: 21.00 MB
CDS: on
MetaspaceReclaimPolicy: balanced
 - commit_granule_bytes: 65536.
 - commit_granule_words: 8192.
 - virtual_space_node_default_size: 1048576.
 - enlarge_chunks_in_place: 1.
 - new_chunks_are_fully_committed: 0.
 - uncommit_free_chunks: 1.
 - use_allocation_guard: 0.
 - handle_deallocations: 1.


Internal statistics:

num_allocs_failed_limit: 0.
num_arena_births: 18.
num_arena_deaths: 0.
num_vsnodes_births: 2.
num_vsnodes_deaths: 0.
num_space_committed: 70.
num_space_uncommitted: 0.
num_chunks_returned_to_freelist: 0.
num_chunks_taken_from_freelist: 74.
num_chunk_merges: 0.
num_chunk_splits: 42.
num_chunks_enlarged: 28.
num_purges: 0.
num_inconsistent_stats: 0.

CodeHeap 'non-profiled nmethods': size=120000Kb used=281Kb max_used=281Kb free=119718Kb
 bounds [0x000002a4ca430000, 0x000002a4ca6a0000, 0x000002a4d1960000]
CodeHeap 'profiled nmethods': size=120000Kb used=1523Kb max_used=1523Kb free=118477Kb
 bounds [0x000002a4c2f00000, 0x000002a4c3170000, 0x000002a4ca430000]
CodeHeap 'non-nmethods': size=5760Kb used=1218Kb max_used=1241Kb free=4541Kb
 bounds [0x000002a4c2960000, 0x000002a4c2bd0000, 0x000002a4c2f00000]
 total_blobs=1214 nmethods=790 adapters=337
 compilation: enabled
              stopped_count=0, restarted_count=0
 full_count=0

Compilation events (20 events):
Event: 0.398 Thread 0x000002a4d97f7900  783       3       org.eclipse.jdt.launching.internal.org.objectweb.asm.ByteVector::putUTF8 (144 bytes)
Event: 0.398 Thread 0x000002a4d97f62f0 nmethod 779 0x000002a4ca474a10 code [0x000002a4ca474ba0, 0x000002a4ca474dd8]
Event: 0.399 Thread 0x000002a4d97f7900 nmethod 783 0x000002a4c3078a90 code [0x000002a4c3078d00, 0x000002a4c3079848]
Event: 0.399 Thread 0x000002a4d97f7900  784       3       java.util.jar.JarFile::getJarEntry (9 bytes)
Event: 0.399 Thread 0x000002a4d97f7900 nmethod 784 0x000002a4c3079e10 code [0x000002a4c307a000, 0x000002a4c307a4f8]
Event: 0.399 Thread 0x000002a4d97f7900  786       3       org.eclipse.jdt.launching.internal.org.objectweb.asm.AnnotationWriter::putAnnotations (67 bytes)
Event: 0.400 Thread 0x000002a4d97f7900 nmethod 786 0x000002a4c307a690 code [0x000002a4c307a8a0, 0x000002a4c307acd8]
Event: 0.400 Thread 0x000002a4d97f7900  785       3       java.util.jar.JarFile::getEntry (35 bytes)
Event: 0.400 Thread 0x000002a4d97f7900 nmethod 785 0x000002a4c307af90 code [0x000002a4c307b180, 0x000002a4c307b618]
Event: 0.400 Thread 0x000002a4dabe7df0 nmethod 778 0x000002a4ca475010 code [0x000002a4ca4751a0, 0x000002a4ca475898]
Event: 0.401 Thread 0x000002a4d97f7900  787       3       java.security.MessageDigest::isEqual (100 bytes)
Event: 0.401 Thread 0x000002a4d97f7900 nmethod 787 0x000002a4c307b790 code [0x000002a4c307b960, 0x000002a4c307bd78]
Event: 0.402 Thread 0x000002a4d97f7900  788       3       java.util.LinkedHashMap::get (29 bytes)
Event: 0.402 Thread 0x000002a4dabe7df0  789       4       java.lang.StringLatin1::inflate (34 bytes)
Event: 0.402 Thread 0x000002a4d97f7900 nmethod 788 0x000002a4c307bf10 code [0x000002a4c307c0c0, 0x000002a4c307c338]
Event: 0.404 Thread 0x000002a4d97f7900  790   !   3       jdk.internal.loader.URLClassPath$JarLoader::ensureOpen (36 bytes)
Event: 0.404 Thread 0x000002a4d97f7900 nmethod 790 0x000002a4c307c410 code [0x000002a4c307c5e0, 0x000002a4c307ca38]
Event: 0.407 Thread 0x000002a4dabe7df0 nmethod 789 0x000002a4ca475d90 code [0x000002a4ca475f00, 0x000002a4ca476318]
Event: 440.543 Thread 0x000002a4d97f7900  791       3       org.eclipse.jdt.launching.internal.org.objectweb.asm.Attribute::computeAttributesSize (62 bytes)
Event: 440.546 Thread 0x000002a4d97f7900 


GC Heap History (0 events):
No events

Deoptimization events (20 events):
Event: 0.306 Thread 0x000002a4b996f600 DEOPT PACKING pc=0x000002a4c2f36356 sp=0x000000d48cef8750
Event: 0.306 Thread 0x000002a4b996f600 DEOPT UNPACKING pc=0x000002a4c29b6763 sp=0x000000d48cef7bd8 mode 0
Event: 0.311 Thread 0x000002a4b996f600 DEOPT PACKING pc=0x000002a4c30091f9 sp=0x000000d48cefa2a0
Event: 0.311 Thread 0x000002a4b996f600 DEOPT UNPACKING pc=0x000002a4c29b6763 sp=0x000000d48cef9700 mode 0
Event: 0.316 Thread 0x000002a4b996f600 DEOPT PACKING pc=0x000002a4c30091f9 sp=0x000000d48cefcfa0
Event: 0.316 Thread 0x000002a4b996f600 DEOPT UNPACKING pc=0x000002a4c29b6763 sp=0x000000d48cefc400 mode 0
Event: 0.321 Thread 0x000002a4b996f600 DEOPT PACKING pc=0x000002a4c30091f9 sp=0x000000d48cefd920
Event: 0.321 Thread 0x000002a4b996f600 DEOPT UNPACKING pc=0x000002a4c29b6763 sp=0x000000d48cefcd80 mode 0
Event: 0.327 Thread 0x000002a4b996f600 DEOPT PACKING pc=0x000002a4c30091f9 sp=0x000000d48cefd3d0
Event: 0.327 Thread 0x000002a4b996f600 DEOPT UNPACKING pc=0x000002a4c29b6763 sp=0x000000d48cefc830 mode 0
Event: 0.343 Thread 0x000002a4b996f600 DEOPT PACKING pc=0x000002a4c30091f9 sp=0x000000d48cefd520
Event: 0.343 Thread 0x000002a4b996f600 DEOPT UNPACKING pc=0x000002a4c29b6763 sp=0x000000d48cefc980 mode 0
Event: 0.353 Thread 0x000002a4b996f600 DEOPT PACKING pc=0x000002a4c30091f9 sp=0x000000d48cefcb30
Event: 0.353 Thread 0x000002a4b996f600 DEOPT UNPACKING pc=0x000002a4c29b6763 sp=0x000000d48cefbf90 mode 0
Event: 0.357 Thread 0x000002a4b996f600 DEOPT PACKING pc=0x000002a4c30091f9 sp=0x000000d48cefcd50
Event: 0.357 Thread 0x000002a4b996f600 DEOPT UNPACKING pc=0x000002a4c29b6763 sp=0x000000d48cefc1b0 mode 0
Event: 0.402 Thread 0x000002a4b996f600 DEOPT PACKING pc=0x000002a4c2f8be3e sp=0x000000d48cefdb40
Event: 0.402 Thread 0x000002a4b996f600 DEOPT UNPACKING pc=0x000002a4c29b6763 sp=0x000000d48cefcfb8 mode 0
Event: 114.185 Thread 0x000002a4b996f600 DEOPT PACKING pc=0x000002a4c2f0442c sp=0x000000d48cefdef0
Event: 114.185 Thread 0x000002a4b996f600 DEOPT UNPACKING pc=0x000002a4c29b6763 sp=0x000000d48cefd398 mode 0

Classes unloaded (0 events):
No events

Classes redefined (3 events):
Event: 114.188 Thread 0x000002a4d97c79f0 redefined class name=src.Ponto, count=1
Event: 440.544 Thread 0x000002a4d97c79f0 redefined class name=test.PlacarWithMockTeste, count=1
Event: 497.308 Thread 0x000002a4d97c79f0 redefined class name=src.Ponto, count=2

Internal exceptions (5 events):
Event: 0.258 Thread 0x000002a4b996f600 Exception <a 'java/lang/NoSuchMethodError'{0x000000008b58ec18}: 'java.lang.Object java.lang.invoke.DirectMethodHandle$Holder.invokeStaticInit(java.lang.Object)'> (0x000000008b58ec18) 
thrown [t:\workspace\open\src\hotspot\share\interpreter\linkResolver.cpp, line 766]
Event: 0.264 Thread 0x000002a4b996f600 Exception <a 'java/lang/NoSuchMethodError'{0x000000008b5b6038}: 'void java.lang.invoke.DirectMethodHandle$Holder.invokeStatic(java.lang.Object, java.lang.Object)'> (0x000000008b5b6038) 
thrown [t:\workspace\open\src\hotspot\share\interpreter\linkResolver.cpp, line 766]
Event: 0.344 Thread 0x000002a4b996f600 Exception <a 'java/lang/NoSuchMethodError'{0x000000008b18fef0}: 'java.lang.Object java.lang.invoke.DirectMethodHandle$Holder.invokeInterface(java.lang.Object, java.lang.Object)'> (0x000000008b18fef0) 
thrown [t:\workspace\open\src\hotspot\share\interpreter\linkResolver.cpp, line 766]
Event: 0.344 Thread 0x000002a4b996f600 Exception <a 'java/lang/IncompatibleClassChangeError'{0x000000008b1936e8}: Found class java.lang.Object, but interface was expected> (0x000000008b1936e8) 
thrown [t:\workspace\open\src\hotspot\share\interpreter\linkResolver.cpp, line 833]
Event: 0.361 Thread 0x000002a4b996f600 Exception <a 'java/lang/NoSuchMethodError'{0x000000008b0447a8}: 'java.lang.Object java.lang.invoke.DirectMethodHandle$Holder.newInvokeSpecial(java.lang.Object, java.lang.Object, java.lang.Object, java.lang.Object, java.lang.Object)'> (0x000000008b0447a8) 
thrown [t:\workspace\open\src\hotspot\share\interpreter\linkResolver.cpp, line 766]

VM Operations (20 events):
Event: 228.710 Executing VM operation: ChangeBreakpoints
Event: 228.710 Executing VM operation: ChangeBreakpoints done
Event: 278.038 Executing VM operation: ChangeBreakpoints
Event: 278.038 Executing VM operation: ChangeBreakpoints done
Event: 440.543 Executing VM operation: RedefineClasses
Event: 440.546 Executing VM operation: RedefineClasses done
Event: 440.549 Executing VM operation: ChangeBreakpoints
Event: 440.550 Executing VM operation: ChangeBreakpoints done
Event: 497.305 Executing VM operation: ChangeSingleStep
Event: 497.305 Executing VM operation: ChangeSingleStep done
Event: 497.305 Executing VM operation: ChangeSingleStep
Event: 497.305 Executing VM operation: ChangeSingleStep done
Event: 497.307 Executing VM operation: RedefineClasses
Event: 497.309 Executing VM operation: RedefineClasses done
Event: 497.312 Executing VM operation: ChangeBreakpoints
Event: 497.312 Executing VM operation: ChangeBreakpoints done
Event: 497.314 Executing VM operation: ChangeSingleStep
Event: 497.314 Executing VM operation: ChangeSingleStep done
Event: 497.315 Executing VM operation: ChangeSingleStep
Event: 497.315 Executing VM operation: ChangeSingleStep done

Events (20 events):
Event: 0.388 loading class jdk/internal/reflect/SerializationConstructorAccessorImpl done
Event: 0.389 loading class java/io/ObjectOutputStream
Event: 0.389 loading class java/io/ObjectOutput
Event: 0.389 loading class java/io/ObjectOutput done
Event: 0.389 loading class java/io/ObjectStreamConstants
Event: 0.389 loading class java/io/ObjectStreamConstants done
Event: 0.389 loading class java/io/ObjectOutputStream done
Event: 0.389 loading class java/io/ObjectInputStream
Event: 0.389 loading class java/io/ObjectInput
Event: 0.389 loading class java/io/ObjectInput done
Event: 0.389 loading class java/io/ObjectInputStream done
Event: 0.390 loading class java/io/ObjectStreamClass$FieldReflectorKey
Event: 0.390 loading class java/io/ObjectStreamClass$FieldReflectorKey done
Event: 0.390 loading class java/io/ObjectStreamClass$FieldReflector
Event: 0.390 loading class java/io/ObjectStreamClass$FieldReflector done
Event: 0.400 loading class sun/nio/ch/IOStatus
Event: 0.400 loading class sun/nio/ch/IOStatus done
Event: 0.402 loading class java/lang/reflect/InvocationTargetException
Event: 0.402 loading class java/lang/reflect/InvocationTargetException done
Event: 5.419 Thread 0x000002a4dabe7df0 Thread exited: 0x000002a4dabe7df0


Dynamic libraries:
0x00007ff66e760000 - 0x00007ff66e770000 	C:\Users\migue\Compiladores\jdk-17_windows-x64_bin\bin\javaw.exe
0x00007ffec8a20000 - 0x00007ffec8c27000 	C:\Windows\SYSTEM32\ntdll.dll
0x00007ffec6f70000 - 0x00007ffec702d000 	C:\Windows\System32\KERNEL32.DLL
0x00007ffec6040000 - 0x00007ffec63b4000 	C:\Windows\System32\KERNELBASE.dll
0x00007ffec67a0000 - 0x00007ffec68b1000 	C:\Windows\System32\ucrtbase.dll
0x00007ffeac160000 - 0x00007ffeac178000 	C:\Users\migue\Compiladores\jdk-17_windows-x64_bin\bin\jli.dll
0x00007ffea9d00000 - 0x00007ffea9d1a000 	C:\Users\migue\Compiladores\jdk-17_windows-x64_bin\bin\VCRUNTIME140.dll
0x00007ffec7230000 - 0x00007ffec72de000 	C:\Windows\System32\ADVAPI32.dll
0x00007ffec68c0000 - 0x00007ffec6963000 	C:\Windows\System32\msvcrt.dll
0x00007ffec88e0000 - 0x00007ffec897e000 	C:\Windows\System32\sechost.dll
0x00007ffec85c0000 - 0x00007ffec86e0000 	C:\Windows\System32\RPCRT4.dll
0x00007ffec7480000 - 0x00007ffec762c000 	C:\Windows\System32\USER32.dll
0x00007ffec64e0000 - 0x00007ffec6506000 	C:\Windows\System32\win32u.dll
0x00007ffec7780000 - 0x00007ffec77a9000 	C:\Windows\System32\GDI32.dll
0x00007ffec63c0000 - 0x00007ffec64d2000 	C:\Windows\System32\gdi32full.dll
0x00007ffeb1240000 - 0x00007ffeb14e5000 	C:\Windows\WinSxS\amd64_microsoft.windows.common-controls_6595b64144ccf1df_6.0.22000.120_none_9d947278b86cc467\COMCTL32.dll
0x00007ffec6700000 - 0x00007ffec679d000 	C:\Windows\System32\msvcp_win.dll
0x00007ffebe3b0000 - 0x00007ffebe3ba000 	C:\Windows\SYSTEM32\VERSION.dll
0x00007ffec78e0000 - 0x00007ffec7911000 	C:\Windows\System32\IMM32.DLL
0x00007ffeb7cf0000 - 0x00007ffeb7cfc000 	C:\Users\migue\Compiladores\jdk-17_windows-x64_bin\bin\vcruntime140_1.dll
0x00007ffe7f120000 - 0x00007ffe7f1ad000 	C:\Users\migue\Compiladores\jdk-17_windows-x64_bin\bin\msvcp140.dll
0x00007ffe613f0000 - 0x00007ffe61fae000 	C:\Users\migue\Compiladores\jdk-17_windows-x64_bin\bin\server\jvm.dll
0x00007ffec87f0000 - 0x00007ffec87f8000 	C:\Windows\System32\PSAPI.DLL
0x00007ffebfb10000 - 0x00007ffebfb43000 	C:\Windows\SYSTEM32\WINMM.dll
0x00007ffec2f70000 - 0x00007ffec2f79000 	C:\Windows\SYSTEM32\WSOCK32.dll
0x00007ffec86e0000 - 0x00007ffec874f000 	C:\Windows\System32\WS2_32.dll
0x00007ffec5090000 - 0x00007ffec50a8000 	C:\Windows\SYSTEM32\kernel.appcore.dll
0x00007ffec2f50000 - 0x00007ffec2f5a000 	C:\Users\migue\Compiladores\jdk-17_windows-x64_bin\bin\jimage.dll
0x00007ffec3490000 - 0x00007ffec36b1000 	C:\Windows\SYSTEM32\DBGHELP.DLL
0x00007ffebe5a0000 - 0x00007ffebe5d1000 	C:\Windows\SYSTEM32\dbgcore.DLL
0x00007ffec6680000 - 0x00007ffec66ff000 	C:\Windows\System32\bcryptPrimitives.dll
0x00007ffea8610000 - 0x00007ffea864b000 	C:\Users\migue\Compiladores\jdk-17_windows-x64_bin\bin\jdwp.dll
0x00007ffeb23f0000 - 0x00007ffeb23fe000 	C:\Users\migue\Compiladores\jdk-17_windows-x64_bin\bin\instrument.dll
0x00007ffebee70000 - 0x00007ffebee95000 	C:\Users\migue\Compiladores\jdk-17_windows-x64_bin\bin\java.dll
0x00007ffeaf660000 - 0x00007ffeaf736000 	C:\Users\migue\Compiladores\jdk-17_windows-x64_bin\bin\svml.dll
0x00007ffec7e10000 - 0x00007ffec85be000 	C:\Windows\System32\SHELL32.dll
0x00007ffec4000000 - 0x00007ffec4867000 	C:\Windows\SYSTEM32\windows.storage.dll
0x00007ffec6970000 - 0x00007ffec6ce8000 	C:\Windows\System32\combase.dll
0x00007ffec3e90000 - 0x00007ffec3ff6000 	C:\Windows\SYSTEM32\wintypes.dll
0x00007ffec7690000 - 0x00007ffec777a000 	C:\Windows\System32\SHCORE.dll
0x00007ffec7630000 - 0x00007ffec768d000 	C:\Windows\System32\shlwapi.dll
0x00007ffec5e40000 - 0x00007ffec5e61000 	C:\Windows\SYSTEM32\profapi.dll
0x00007ffeb22d0000 - 0x00007ffeb22dc000 	C:\Users\migue\Compiladores\jdk-17_windows-x64_bin\bin\dt_socket.dll
0x00007ffec4bd0000 - 0x00007ffec4bfd000 	C:\Windows\SYSTEM32\IPHLPAPI.DLL
0x00007ffec5530000 - 0x00007ffec5597000 	C:\Windows\system32\mswsock.dll
0x00007ffec4c40000 - 0x00007ffec4d27000 	C:\Windows\SYSTEM32\DNSAPI.dll
0x00007ffec77b0000 - 0x00007ffec77b9000 	C:\Windows\System32\NSI.dll
0x00007ffeb7cc0000 - 0x00007ffeb7cca000 	C:\Windows\System32\rasadhlp.dll
0x00007ffebafd0000 - 0x00007ffebb051000 	C:\Windows\System32\fwpuclnt.dll
0x00007ffebee50000 - 0x00007ffebee68000 	C:\Users\migue\Compiladores\jdk-17_windows-x64_bin\bin\zip.dll
0x00007ffec0300000 - 0x00007ffec0319000 	C:\Users\migue\Compiladores\jdk-17_windows-x64_bin\bin\net.dll
0x00007ffebed20000 - 0x00007ffebee2c000 	C:\Windows\SYSTEM32\WINHTTP.dll
0x00007ffebef90000 - 0x00007ffebefa5000 	C:\Users\migue\Compiladores\jdk-17_windows-x64_bin\bin\nio.dll
0x00007ffec2f00000 - 0x00007ffec2f10000 	C:\Users\migue\Compiladores\jdk-17_windows-x64_bin\bin\verify.dll
0x00007ffebe300000 - 0x00007ffebe319000 	C:\Windows\SYSTEM32\dhcpcsvc6.DLL
0x00007ffebe390000 - 0x00007ffebe3ae000 	C:\Windows\SYSTEM32\dhcpcsvc.DLL

dbghelp: loaded successfully - version: 4.0.5 - missing functions: none
symbol engine: initialized successfully - sym options: 0x614 - pdb path: .;C:\Users\migue\Compiladores\jdk-17_windows-x64_bin\bin;C:\Windows\SYSTEM32;C:\Windows\WinSxS\amd64_microsoft.windows.common-controls_6595b64144ccf1df_6.0.22000.120_none_9d947278b86cc467;C:\Users\migue\Compiladores\jdk-17_windows-x64_bin\bin\server

VM Arguments:
jvm_args: -XX:+ShowCodeDetailsInExceptionMessages -agentlib:jdwp=transport=dt_socket,suspend=y,address=localhost:60118 -ea -javaagent:C:\Users\migue\.eclipse\eclipse\configuration\org.eclipse.osgi\224\0\.cp\lib\javaagent-shaded.jar -Dfile.encoding=Cp1252 
java_command: org.eclipse.jdt.internal.junit.runner.RemoteTestRunner -version 3 -port 60117 -testLoaderClass org.eclipse.jdt.internal.junit4.runner.JUnit4TestLoader -loaderpluginname org.eclipse.jdt.junit4.runtime -classNames test.PlacarWithMockTeste
java_class_path (initial): C:\Users\migue\OneDrive\Documentos\Documentos Educacao - Cursos\2022 - Coursera - ITA - TDD - Desenvolvimento de Software Guiado por Testes\Minhas Tarefas\Week 4 - Tarefa - Gamificação\bin;C:\Users\migue\.p2\pool\plugins\org.junit_4.13.2.v20211018-1956.jar;C:\Users\migue\.p2\pool\plugins\org.hamcrest.core_1.3.0.v20180420-1519.jar;C:\Users\migue\.eclipse\eclipse\configuration\org.eclipse.osgi\222\0\.cp;C:\Users\migue\.eclipse\eclipse\configuration\org.eclipse.osgi\221\0\.cp
Launcher Type: SUN_STANDARD

[Global flags]
     intx CICompilerCount                          = 4                                         {product} {ergonomic}
     uint ConcGCThreads                            = 2                                         {product} {ergonomic}
     uint G1ConcRefinementThreads                  = 8                                         {product} {ergonomic}
   size_t G1HeapRegionSize                         = 1048576                                   {product} {ergonomic}
    uintx GCDrainStackTargetSize                   = 64                                        {product} {ergonomic}
   size_t InitialHeapSize                          = 130023424                                 {product} {ergonomic}
   size_t MarkStackSize                            = 4194304                                   {product} {ergonomic}
   size_t MaxHeapSize                              = 2080374784                                {product} {ergonomic}
   size_t MaxNewSize                               = 1247805440                                {product} {ergonomic}
   size_t MinHeapDeltaBytes                        = 1048576                                   {product} {ergonomic}
   size_t MinHeapSize                              = 8388608                                   {product} {ergonomic}
    uintx NonNMethodCodeHeapSize                   = 5839372                                {pd product} {ergonomic}
    uintx NonProfiledCodeHeapSize                  = 122909434                              {pd product} {ergonomic}
    uintx ProfiledCodeHeapSize                     = 122909434                              {pd product} {ergonomic}
    uintx ReservedCodeCacheSize                    = 251658240                              {pd product} {ergonomic}
     bool SegmentedCodeCache                       = true                                      {product} {ergonomic}
     bool ShowCodeDetailsInExceptionMessages       = true                                   {manageable} {command line}
   size_t SoftMaxHeapSize                          = 2080374784                             {manageable} {ergonomic}
     bool UseCompressedClassPointers               = true                           {product lp64_product} {ergonomic}
     bool UseCompressedOops                        = true                           {product lp64_product} {ergonomic}
     bool UseG1GC                                  = true                                      {product} {ergonomic}
     bool UseLargePagesIndividualAllocation        = false                                  {pd product} {ergonomic}

Logging:
Log output configuration:
 #0: stdout all=warning uptime,level,tags
 #1: stderr all=off uptime,level,tags

Environment Variables:
JAVA_HOME=C:\Users\migue\Compiladores\jdk-17_windows-x64_bin
PATH=C:/Users/migue/Compiladores/jdk-17_windows-x64_bin/bin/server;C:/Users/migue/Compiladores/jdk-17_windows-x64_bin/bin;C:\Windows\system32;C:\Windows;C:\Windows\System32\Wbem;C:\Windows\System32\WindowsPowerShell\v1.0\;C:\Windows\System32\OpenSSH\;C:\Program Files\Docker\Docker\resources\bin;C:\ProgramData\DockerDesktop\version-bin;C:\Program Files\Microsoft SQL Server\150\Tools\Binn\;C:\Program Files\Microsoft SQL Server\Client SDK\ODBC\170\Tools\Binn\;C:\Program Files\dotnet\;C:\Users\migue\Compiladores\php-8.1.0-nts-Win32-vs16-x64;C:\Users\migue\Compiladores\go1.17.5.windows-amd64\go\bin;C:\Users\migue\Compiladores\python-3.10.1-embed-amd64;C:\Users\migue\Compiladores\jdk-17_windows-x64_bin\bin;C:\Users\migue\Compiladores\python-3.10.1-embed-amd64\Scripts;C:\Users\migue\AppData\Local\Microsoft\WindowsApps;C:\Users\migue\AppData\Local\Programs\Microsoft VS Code\bin;C:\Users\migue\.dotnet\tools;C:\Windows\System32;
USERNAME=migue
OS=Windows_NT
PROCESSOR_IDENTIFIER=Intel64 Family 6 Model 140 Stepping 2, GenuineIntel



---------------  S Y S T E M  ---------------

OS:
 Windows 10 , 64 bit Build 22000 (10.0.22000.434)
OS uptime: 10 days 2:41 hours
Hyper-V role detected

CPU: total 8 (initial active 8) (4 cores per cpu, 2 threads per core) family 6 model 140 stepping 2 microcode 0x16, cx8, cmov, fxsr, ht, mmx, 3dnowpref, sse, sse2, sse3, ssse3, sse4.1, sse4.2, popcnt, lzcnt, tsc, tscinvbit, avx, avx2, aes, erms, clmul, bmi1, bmi2, adx, avx512f, avx512dq, avx512cd, avx512bw, avx512vl, sha, fma, vzeroupper, avx512_vpopcntdq, avx512_vpclmulqdq, avx512_vaes, avx512_vnni, clflush, clflushopt, clwb, avx512_vbmi2, avx512_vbmi, hv

Memory: 4k page, system-wide physical 7930M (715M free)
TotalPageFile size 18514M (AvailPageFile size 3759M)
current process WorkingSet (physical memory assigned to process): 54M, peak: 60M
current process commit charge ("private bytes"): 213M, peak: 218M

vm_info: Java HotSpot(TM) 64-Bit Server VM (17.0.1+12-LTS-39) for windows-amd64 JRE (17.0.1+12-LTS-39), built on Sep 27 2021 18:41:35 by "mach5one" with MS VC++ 16.8 (VS2019)

END.
